[2026-06-06 00:50:10Z INFO HostContext] No proxy settings were found based on environmental variables (http_proxy/https_proxy/HTTP_PROXY/HTTPS_PROXY)
[2026-06-06 00:50:10Z INFO HostContext] Well known directory 'Bin': 'C:\Estudos\Pos Automação\Modulo04\Aula03\pgats-ci-fabio\actions-runner\bin'
[2026-06-06 00:50:10Z INFO HostContext] Well known directory 'Root': 'C:\Estudos\Pos Automação\Modulo04\Aula03\pgats-ci-fabio\actions-runner'
[2026-06-06 00:50:10Z INFO HostContext] Well known config file 'Credentials': 'C:\Estudos\Pos Automação\Modulo04\Aula03\pgats-ci-fabio\actions-runner\.credentials'
[2026-06-06 00:50:10Z INFO HostContext] Well known directory 'Bin': 'C:\Estudos\Pos Automação\Modulo04\Aula03\pgats-ci-fabio\actions-runner\bin'
[2026-06-06 00:50:10Z INFO HostContext] Well known directory 'Root': 'C:\Estudos\Pos Automação\Modulo04\Aula03\pgats-ci-fabio\actions-runner'
[2026-06-06 00:50:10Z INFO HostContext] Well known config file 'Runner': 'C:\Estudos\Pos Automação\Modulo04\Aula03\pgats-ci-fabio\actions-runner\.runner'
[2026-06-06 00:50:10Z INFO Listener] Runner is built for Windows (X64) - win-x64.
[2026-06-06 00:50:10Z INFO Listener] RuntimeInformation: Microsoft Windows 10.0.19045.
[2026-06-06 00:50:10Z INFO Listener] Version: 2.334.0
[2026-06-06 00:50:10Z INFO Listener] Commit: f1995ede5d885c997d13d8eca5467c4ce97fe69c
[2026-06-06 00:50:10Z INFO Listener] Culture: pt-BR
[2026-06-06 00:50:10Z INFO Listener] UI Culture: pt-BR
[2026-06-06 00:50:10Z INFO HostContext] Well known directory 'Bin': 'C:\Estudos\Pos Automação\Modulo04\Aula03\pgats-ci-fabio\actions-runner\bin'
[2026-06-06 00:50:10Z INFO HostContext] Well known directory 'Root': 'C:\Estudos\Pos Automação\Modulo04\Aula03\pgats-ci-fabio\actions-runner'
[2026-06-06 00:50:10Z INFO Listener] Validating directory permissions for: 'C:\Estudos\Pos Automação\Modulo04\Aula03\pgats-ci-fabio\actions-runner'
[2026-06-06 00:50:10Z INFO CommandLineParser] Parse
[2026-06-06 00:50:10Z INFO CommandLineParser] Parsing 5 args
[2026-06-06 00:50:10Z INFO CommandLineParser] parsing argument
[2026-06-06 00:50:10Z INFO CommandLineParser] HasArgs: False
[2026-06-06 00:50:10Z INFO CommandLineParser] Adding Command: configure
[2026-06-06 00:50:10Z INFO CommandLineParser] parsing argument
[2026-06-06 00:50:10Z INFO CommandLineParser] HasArgs: True
[2026-06-06 00:50:10Z INFO CommandLineParser] arg: url
[2026-06-06 00:50:10Z INFO CommandLineParser] parsing argument
[2026-06-06 00:50:10Z INFO CommandLineParser] HasArgs: True
[2026-06-06 00:50:10Z INFO CommandLineParser] Adding option 'url': 'https://github.com/fmsouza7/pgats-ci-fabio'
[2026-06-06 00:50:10Z INFO CommandLineParser] parsing argument
[2026-06-06 00:50:10Z INFO CommandLineParser] HasArgs: True
[2026-06-06 00:50:10Z INFO CommandLineParser] arg: token
[2026-06-06 00:50:10Z INFO CommandLineParser] parsing argument
[2026-06-06 00:50:10Z INFO CommandLineParser] HasArgs: True
[2026-06-06 00:50:10Z INFO CommandLineParser] Adding option 'token': '***'
[2026-06-06 00:50:10Z INFO Listener] Arguments parsed
[2026-06-06 00:50:10Z INFO Runner] ExecuteCommand
[2026-06-06 00:50:10Z INFO ConfigurationStore] currentAssemblyLocation: C:\Estudos\Pos Automação\Modulo04\Aula03\pgats-ci-fabio\actions-runner\bin\Runner.Listener.dll
[2026-06-06 00:50:10Z INFO HostContext] Well known directory 'Bin': 'C:\Estudos\Pos Automação\Modulo04\Aula03\pgats-ci-fabio\actions-runner\bin'
[2026-06-06 00:50:10Z INFO ConfigurationStore] binPath: C:\Estudos\Pos Automação\Modulo04\Aula03\pgats-ci-fabio\actions-runner\bin
[2026-06-06 00:50:10Z INFO HostContext] Well known directory 'Bin': 'C:\Estudos\Pos Automação\Modulo04\Aula03\pgats-ci-fabio\actions-runner\bin'
[2026-06-06 00:50:10Z INFO HostContext] Well known directory 'Root': 'C:\Estudos\Pos Automação\Modulo04\Aula03\pgats-ci-fabio\actions-runner'
[2026-06-06 00:50:10Z INFO ConfigurationStore] RootFolder: C:\Estudos\Pos Automação\Modulo04\Aula03\pgats-ci-fabio\actions-runner
[2026-06-06 00:50:10Z INFO HostContext] Well known directory 'Bin': 'C:\Estudos\Pos Automação\Modulo04\Aula03\pgats-ci-fabio\actions-runner\bin'
[2026-06-06 00:50:10Z INFO HostContext] Well known directory 'Root': 'C:\Estudos\Pos Automação\Modulo04\Aula03\pgats-ci-fabio\actions-runner'
[2026-06-06 00:50:10Z INFO HostContext] Well known config file 'Runner': 'C:\Estudos\Pos Automação\Modulo04\Aula03\pgats-ci-fabio\actions-runner\.runner'
[2026-06-06 00:50:10Z INFO ConfigurationStore] ConfigFilePath: C:\Estudos\Pos Automação\Modulo04\Aula03\pgats-ci-fabio\actions-runner\.runner
[2026-06-06 00:50:10Z INFO HostContext] Well known directory 'Bin': 'C:\Estudos\Pos Automação\Modulo04\Aula03\pgats-ci-fabio\actions-runner\bin'
[2026-06-06 00:50:10Z INFO HostContext] Well known directory 'Root': 'C:\Estudos\Pos Automação\Modulo04\Aula03\pgats-ci-fabio\actions-runner'
[2026-06-06 00:50:10Z INFO HostContext] Well known config file 'MigratedRunner': 'C:\Estudos\Pos Automação\Modulo04\Aula03\pgats-ci-fabio\actions-runner\.runner_migrated'
[2026-06-06 00:50:10Z INFO ConfigurationStore] MigratedConfigFilePath: C:\Estudos\Pos Automação\Modulo04\Aula03\pgats-ci-fabio\actions-runner\.runner_migrated
[2026-06-06 00:50:10Z INFO HostContext] Well known directory 'Bin': 'C:\Estudos\Pos Automação\Modulo04\Aula03\pgats-ci-fabio\actions-runner\bin'
[2026-06-06 00:50:10Z INFO HostContext] Well known directory 'Root': 'C:\Estudos\Pos Automação\Modulo04\Aula03\pgats-ci-fabio\actions-runner'
[2026-06-06 00:50:10Z INFO HostContext] Well known config file 'Credentials': 'C:\Estudos\Pos Automação\Modulo04\Aula03\pgats-ci-fabio\actions-runner\.credentials'
[2026-06-06 00:50:10Z INFO ConfigurationStore] CredFilePath: C:\Estudos\Pos Automação\Modulo04\Aula03\pgats-ci-fabio\actions-runner\.credentials
[2026-06-06 00:50:10Z INFO HostContext] Well known directory 'Bin': 'C:\Estudos\Pos Automação\Modulo04\Aula03\pgats-ci-fabio\actions-runner\bin'
[2026-06-06 00:50:10Z INFO HostContext] Well known directory 'Root': 'C:\Estudos\Pos Automação\Modulo04\Aula03\pgats-ci-fabio\actions-runner'
[2026-06-06 00:50:10Z INFO HostContext] Well known config file 'MigratedCredentials': 'C:\Estudos\Pos Automação\Modulo04\Aula03\pgats-ci-fabio\actions-runner\.credentials_migrated'
[2026-06-06 00:50:10Z INFO ConfigurationStore] MigratedCredFilePath: C:\Estudos\Pos Automação\Modulo04\Aula03\pgats-ci-fabio\actions-runner\.credentials_migrated
[2026-06-06 00:50:10Z INFO HostContext] Well known directory 'Bin': 'C:\Estudos\Pos Automação\Modulo04\Aula03\pgats-ci-fabio\actions-runner\bin'
[2026-06-06 00:50:10Z INFO HostContext] Well known directory 'Root': 'C:\Estudos\Pos Automação\Modulo04\Aula03\pgats-ci-fabio\actions-runner'
[2026-06-06 00:50:10Z INFO HostContext] Well known config file 'Service': 'C:\Estudos\Pos Automação\Modulo04\Aula03\pgats-ci-fabio\actions-runner\.service'
[2026-06-06 00:50:10Z INFO ConfigurationStore] ServiceConfigFilePath: C:\Estudos\Pos Automação\Modulo04\Aula03\pgats-ci-fabio\actions-runner\.service
[2026-06-06 00:50:10Z INFO CommandSettings] Flag 'help': 'False'
[2026-06-06 00:50:10Z INFO CommandSettings] Flag 'version': 'False'
[2026-06-06 00:50:10Z INFO CommandSettings] Flag 'commit': 'False'
[2026-06-06 00:50:10Z INFO CommandSettings] Flag 'check': 'False'
[2026-06-06 00:50:10Z INFO CommandSettings] Command 'configure': 'True'
[2026-06-06 00:50:10Z INFO Terminal] WRITE LINE: 
[2026-06-06 00:50:10Z INFO Terminal] WRITE LINE: --------------------------------------------------------------------------------
[2026-06-06 00:50:10Z INFO Terminal] WRITE LINE: |        ____ _ _   _   _       _          _        _   _                      |
[2026-06-06 00:50:10Z INFO Terminal] WRITE LINE: |       / ___(_) |_| | | |_   _| |__      / \   ___| |_(_) ___  _ __  ___      |
[2026-06-06 00:50:10Z INFO Terminal] WRITE LINE: |      | |  _| | __| |_| | | | | '_ \    / _ \ / __| __| |/ _ \| '_ \/ __|     |
[2026-06-06 00:50:10Z INFO Terminal] WRITE LINE: |      | |_| | | |_|  _  | |_| | |_) |  / ___ \ (__| |_| | (_) | | | \__ \     |
[2026-06-06 00:50:10Z INFO Terminal] WRITE LINE: |       \____|_|\__|_| |_|\__,_|_.__/  /_/   \_\___|\__|_|\___/|_| |_|___/     |
[2026-06-06 00:50:10Z INFO Terminal] WRITE LINE: |                                                                              |
[2026-06-06 00:50:10Z INFO Terminal] WRITE: |                       
[2026-06-06 00:50:10Z INFO Terminal] WRITE: Self-hosted runner registration
[2026-06-06 00:50:10Z INFO Terminal] WRITE LINE:                         |
[2026-06-06 00:50:10Z INFO Terminal] WRITE LINE: |                                                                              |
[2026-06-06 00:50:10Z INFO Terminal] WRITE LINE: --------------------------------------------------------------------------------
[2026-06-06 00:50:10Z INFO ConfigurationManager] ConfigureAsync
[2026-06-06 00:50:10Z INFO CommandSettings] Flag 'generateServiceConfig': 'False'
[2026-06-06 00:50:10Z INFO ConfigurationStore] IsConfigured()
[2026-06-06 00:50:10Z INFO ConfigurationStore] IsConfigured: False
[2026-06-06 00:50:10Z INFO ConfigurationManager] Is configured: False
[2026-06-06 00:50:11Z INFO CommandSettings] Arg 'url': 'https://github.com/fmsouza7/pgats-ci-fabio'
[2026-06-06 00:50:11Z INFO CommandSettings] Remove url from Arg dictionary.
[2026-06-06 00:50:11Z INFO CommandSettings] Arg 'token': '***'
[2026-06-06 00:50:11Z INFO CommandSettings] Remove token from Arg dictionary.
[2026-06-06 00:50:16Z INFO ConfigurationManager] Http response code: OK from 'POST https://api.github.com/actions/runner-registration' (F309:93001:1DAE939:6EE11FA:6A236F22)
[2026-06-06 00:50:16Z INFO ConfigurationManager] Using runner-admin flow: False
[2026-06-06 00:50:16Z INFO ConfigurationManager] cred retrieved via GitHub auth
[2026-06-06 00:50:16Z INFO RunnerServer] EstablishVssConnection
[2026-06-06 00:50:16Z INFO RunnerServer] Establish connection with 100 seconds timeout.
[2026-06-06 00:50:16Z INFO GitHubActionsService] Starting operation Location.GetConnectionData
[2026-06-06 00:50:16Z INFO RunnerServer] EstablishVssConnection
[2026-06-06 00:50:16Z INFO RunnerServer] Establish connection with 60 seconds timeout.
[2026-06-06 00:50:16Z INFO GitHubActionsService] Starting operation Location.GetConnectionData
[2026-06-06 00:50:16Z INFO RunnerServer] EstablishVssConnection
[2026-06-06 00:50:16Z INFO RunnerServer] Establish connection with 60 seconds timeout.
[2026-06-06 00:50:16Z INFO GitHubActionsService] Starting operation Location.GetConnectionData
[2026-06-06 00:50:17Z INFO GitHubActionsService] Finished operation Location.GetConnectionData
[2026-06-06 00:50:17Z INFO GitHubActionsService] Finished operation Location.GetConnectionData
[2026-06-06 00:50:17Z INFO GitHubActionsService] Finished operation Location.GetConnectionData
[2026-06-06 00:50:18Z INFO Terminal] WRITE LINE: 
[2026-06-06 00:50:18Z INFO ConfigurationManager] Test Connection complete.
[2026-06-06 00:50:18Z INFO HostContext] Well known directory 'Bin': 'C:\Estudos\Pos Automação\Modulo04\Aula03\pgats-ci-fabio\actions-runner\bin'
[2026-06-06 00:50:18Z INFO HostContext] Well known directory 'Root': 'C:\Estudos\Pos Automação\Modulo04\Aula03\pgats-ci-fabio\actions-runner'
[2026-06-06 00:50:18Z INFO HostContext] Well known config file 'RSACredentials': 'C:\Estudos\Pos Automação\Modulo04\Aula03\pgats-ci-fabio\actions-runner\.credentials_rsaparams'
[2026-06-06 00:50:18Z INFO RSAEncryptedFileKeyManager] Creating new RSA key using 2048-bit key length
[2026-06-06 00:50:19Z INFO RSAEncryptedFileKeyManager] Successfully saved RSA key parameters to file C:\Estudos\Pos Automação\Modulo04\Aula03\pgats-ci-fabio\actions-runner\.credentials_rsaparams
[2026-06-06 00:50:19Z INFO CommandSettings] Arg 'runnergroup': ''
[2026-06-06 00:50:19Z INFO CommandSettings] Flag 'unattended': 'False'
[2026-06-06 00:50:19Z INFO PromptManager] ReadValue
[2026-06-06 00:50:19Z INFO Terminal] WRITE: Enter the name of the runner group to add this runner to: 
[2026-06-06 00:50:19Z INFO Terminal] WRITE: [press Enter for Default] 
[2026-06-06 00:50:19Z INFO Terminal] READ LINE
[2026-06-06 00:50:23Z INFO Terminal] Read value: ''
[2026-06-06 00:50:23Z INFO PromptManager] Falling back to the default: 'Default'
[2026-06-06 00:50:23Z INFO Terminal] WRITE LINE: 
[2026-06-06 00:50:23Z INFO ConfigurationManager] Found a self-hosted runner group with id 1 and name Default
[2026-06-06 00:50:23Z INFO CommandSettings] Flag 'disableupdate': 'False'
[2026-06-06 00:50:23Z INFO CommandSettings] Flag 'ephemeral': 'False'
[2026-06-06 00:50:23Z INFO CommandSettings] Arg 'name': ''
[2026-06-06 00:50:23Z INFO CommandSettings] Flag 'unattended': 'False'
[2026-06-06 00:50:23Z INFO PromptManager] ReadValue
[2026-06-06 00:50:23Z INFO Terminal] WRITE: Enter the name of runner: 
[2026-06-06 00:50:23Z INFO Terminal] WRITE: [press Enter for DESKTOP-P8LQ183] 
[2026-06-06 00:50:23Z INFO Terminal] READ LINE
[2026-06-06 00:50:26Z INFO Terminal] Read value: ''
[2026-06-06 00:50:26Z INFO PromptManager] Falling back to the default: 'DESKTOP-P8LQ183'
[2026-06-06 00:50:26Z INFO Terminal] WRITE LINE: 
[2026-06-06 00:50:26Z INFO CommandSettings] Arg 'labels': ''
[2026-06-06 00:50:26Z INFO CommandSettings] Flag 'unattended': 'False'
[2026-06-06 00:50:26Z INFO PromptManager] ReadValue
[2026-06-06 00:50:26Z INFO Terminal] WRITE: This runner will have the following labels: 'self-hosted', 'Windows', 'X64' 
Enter any additional labels (ex. label-1,label-2): 
[2026-06-06 00:50:26Z INFO Terminal] WRITE: [press Enter to skip] 
[2026-06-06 00:50:26Z INFO Terminal] READ LINE
[2026-06-06 00:50:34Z INFO Terminal] Read value: ''
[2026-06-06 00:50:34Z INFO Terminal] WRITE LINE: 
[2026-06-06 00:50:34Z INFO CommandSettings] Flag 'disableupdate': 'False'
[2026-06-06 00:50:34Z INFO CommandSettings] Flag 'no-default-labels': 'False'
[2026-06-06 00:50:35Z INFO CommandSettings] Flag 'disableupdate': 'False'
[2026-06-06 00:50:35Z INFO CommandSettings] Flag 'ephemeral': 'False'
[2026-06-06 00:50:35Z INFO ConfigurationStore] Saving OAuth credential @ C:\Estudos\Pos Automação\Modulo04\Aula03\pgats-ci-fabio\actions-runner\.credentials
[2026-06-06 00:50:35Z INFO ConfigurationStore] Credentials Saved.
[2026-06-06 00:50:35Z INFO ConfigurationManager] Service enforced serverUrlV2: https://broker.actions.githubusercontent.com/
[2026-06-06 00:50:35Z INFO ConfigurationManager] Service enforced useV2Flow: True
[2026-06-06 00:50:35Z INFO CommandSettings] Arg 'work': ''
[2026-06-06 00:50:35Z INFO CommandSettings] Flag 'unattended': 'False'
[2026-06-06 00:50:35Z INFO PromptManager] ReadValue
[2026-06-06 00:50:35Z INFO Terminal] WRITE: Enter name of work folder: 
[2026-06-06 00:50:35Z INFO Terminal] WRITE: [press Enter for _work] 
[2026-06-06 00:50:35Z INFO Terminal] READ LINE
[2026-06-06 00:50:40Z INFO Terminal] Read value: ''
[2026-06-06 00:50:40Z INFO PromptManager] Falling back to the default: '_work'
[2026-06-06 00:50:40Z INFO ConfigurationStore] Saving runner settings.
[2026-06-06 00:50:40Z INFO ConfigurationStore] Settings Saved.
[2026-06-06 00:50:40Z INFO Terminal] WRITE LINE: 
[2026-06-06 00:50:40Z INFO Terminal] WRITE LINE: 
[2026-06-06 00:50:40Z INFO CommandSettings] Flag 'runasservice': 'False'
[2026-06-06 00:50:40Z INFO CommandSettings] Flag 'unattended': 'False'
[2026-06-06 00:50:40Z INFO PromptManager] ReadValue
[2026-06-06 00:50:40Z INFO Terminal] WRITE: Would you like to run the runner as service? (Y/N) 
[2026-06-06 00:50:40Z INFO Terminal] WRITE: [press Enter for N] 
[2026-06-06 00:50:40Z INFO Terminal] READ LINE
[2026-06-06 00:50:49Z INFO Terminal] Read value: ''
[2026-06-06 00:50:49Z INFO PromptManager] Falling back to the default: 'N'
[2026-06-06 00:50:49Z INFO Listener] Runner execution has finished with return code 0
